This is pdfTeX, Version 3.1415926-2.5-1.40.14 (TeX Live 2013/Debian)
 restricted \write18 enabled.
entering extended mode
This is BibTeX, Version 0.99d (TeX Live 2013/Debian)
The top-level auxiliary file: main.aux
The style file: abntex2-alf.bst
I found no \bibdata command---while reading file main.aux
Warning--I didn't find a database entry for "abnt-url-package=url"
+---------------------------------------------------------+
| Estilo bibliográfico abntex2-alf.bst versão v-1.9.2           |
| Em caso de dúvidas ou problemas com este estilo procure |
| http://abntex2.googlecode.com                           |
+---------------------------------------------------------+
(There was 1 error message)
This is pdfTeX, Version 3.1415926-2.5-1.40.14 (TeX Live 2013/Debian)
 restricted \write18 enabled.
entering extended mode
This is pdfTeX, Version 3.1415926-2.5-1.40.14 (TeX Live 2013/Debian)
 restricted \write18 enabled.
entering extended mode
